--------------------------------------------------------------------------------
Release 14.7 Trace  (nt64)
Copyright (c) 1995-2013 Xilinx, Inc.  All rights reserved.

C:\Xilinx\14.7\ISE_DS\ISE\bin\nt64\unwrapped\trce.exe -intstyle ise -v 3 -s 3
-n 3 -fastpaths -xml LR1_TOP.twx LR1_TOP.ncd -o LR1_TOP.twr LR1_TOP.pcf -ucf
LR1_TOP.ucf

Design file:              LR1_TOP.ncd
Physical constraint file: LR1_TOP.pcf
Device,package,speed:     xc7a100t,csg324,C,-3 (PRODUCTION 1.10 2013-10-13)
Report level:             verbose report

Environment Variable      Effect 
--------------------      ------ 
NONE                      No environment variables were set
--------------------------------------------------------------------------------

INFO:Timing:2698 - No timing constraints found, doing default enumeration.
INFO:Timing:3412 - To improve timing, see the Timing Closure User Guide (UG612).
INFO:Timing:2752 - To get complete path coverage, use the unconstrained paths 
   option. All paths that are not constrained will be reported in the 
   unconstrained paths section(s) of the report.
INFO:Timing:3339 - The clock-to-out numbers in this timing report are based on 
   a 50 Ohm transmission line loading model.  For the details of this model, 
   and for more information on accounting for different loading conditions, 
   please see the device datasheet.



Data Sheet report:
-----------------
All values displayed in nanoseconds (ns)

Pad to Pad
---------------+---------------+---------+
Source Pad     |Destination Pad|  Delay  |
---------------+---------------+---------+
SW<0>          |LED<0>         |    6.807|
SW<0>          |LED<1>         |    6.707|
SW<0>          |LED<2>         |    6.992|
SW<0>          |LED<3>         |    6.850|
SW<1>          |LED<0>         |    6.748|
SW<1>          |LED<1>         |    6.958|
SW<1>          |LED<2>         |    6.791|
SW<1>          |LED<3>         |    6.791|
SW<2>          |LED<0>         |    6.811|
SW<2>          |LED<1>         |    6.958|
SW<2>          |LED<2>         |    6.714|
SW<2>          |LED<3>         |    6.858|
SW<3>          |LED<0>         |    6.750|
SW<3>          |LED<1>         |    6.718|
SW<3>          |LED<2>         |    7.178|
SW<3>          |LED<3>         |    6.798|
SW<4>          |LED<4>         |    6.901|
SW<4>          |LED<5>         |    6.869|
SW<4>          |LED<6>         |    6.715|
SW<4>          |LED<7>         |    6.852|
SW<5>          |LED<4>         |    7.216|
SW<5>          |LED<5>         |    7.122|
SW<5>          |LED<6>         |    6.976|
SW<5>          |LED<7>         |    7.151|
SW<6>          |LED<4>         |    6.900|
SW<6>          |LED<5>         |    7.304|
SW<6>          |LED<6>         |    7.142|
SW<6>          |LED<7>         |    6.843|
SW<7>          |LED<4>         |    7.561|
SW<7>          |LED<5>         |    7.650|
SW<7>          |LED<6>         |    7.502|
SW<7>          |LED<7>         |    7.510|
SW<8>          |LED<8>         |    7.030|
SW<8>          |LED<9>         |    6.980|
SW<8>          |LED<10>        |    6.900|
SW<8>          |LED<11>        |    7.255|
SW<9>          |LED<8>         |    6.713|
SW<9>          |LED<9>         |    6.884|
SW<9>          |LED<10>        |    6.589|
SW<9>          |LED<11>        |    7.160|
SW<10>         |LED<8>         |    6.939|
SW<10>         |LED<9>         |    6.701|
SW<10>         |LED<10>        |    6.807|
SW<10>         |LED<11>        |    6.983|
SW<11>         |LED<8>         |    7.152|
SW<11>         |LED<9>         |    7.062|
SW<11>         |LED<10>        |    7.036|
SW<11>         |LED<11>        |    7.346|
---------------+---------------+---------+


Analysis completed Mon Oct 03 11:03:45 2016 
--------------------------------------------------------------------------------

Trace Settings:
-------------------------
Trace Settings 

Peak Memory Usage: 621 MB



