Release 14.7 - xst P.20131013 (nt64)
Copyright (c) 1995-2013 Xilinx, Inc.  All rights reserved.
--> Parameter TMPDIR set to xst/projnav.tmp


Total REAL time to Xst completion: 0.00 secs
Total CPU time to Xst completion: 0.43 secs
 
--> Parameter xsthdpdir set to xst


Total REAL time to Xst completion: 0.00 secs
Total CPU time to Xst completion: 0.43 secs
 
--> Reading design: TOP.prj

TABLE OF CONTENTS
  1) Synthesis Options Summary
  2) HDL Parsing
  3) HDL Elaboration
  4) HDL Synthesis
       4.1) HDL Synthesis Report
  5) Advanced HDL Synthesis
       5.1) Advanced HDL Synthesis Report
  6) Low Level Synthesis
  7) Partition Report
  8) Design Summary
       8.1) Primitive and Black Box Usage
       8.2) Device utilization summary
       8.3) Partition Resource Summary
       8.4) Timing Report
            8.4.1) Clock Information
            8.4.2) Asynchronous Control Signals Information
            8.4.3) Timing Summary
            8.4.4) Timing Details
            8.4.5) Cross Clock Domains Report


=========================================================================
*                      Synthesis Options Summary                        *
=========================================================================
---- Source Parameters
Input File Name                    : "TOP.prj"
Ignore Synthesis Constraint File   : NO

---- Target Parameters
Output File Name                   : "TOP"
Output Format                      : NGC
Target Device                      : xc7a100t-3-csg324

---- Source Options
Top Module Name                    : TOP
Automatic FSM Extraction           : YES
FSM Encoding Algorithm             : Auto
Safe Implementation                : No
FSM Style                          : LUT
RAM Extraction                     : Yes
RAM Style                          : Auto
ROM Extraction                     : Yes
Shift Register Extraction          : YES
ROM Style                          : Auto
Resource Sharing                   : YES
Asynchronous To Synchronous        : NO
Shift Register Minimum Size        : 2
Use DSP Block                      : Auto
Automatic Register Balancing       : No

---- Target Options
LUT Combining                      : Auto
Reduce Control Sets                : Auto
Add IO Buffers                     : YES
Global Maximum Fanout              : 100000
Add Generic Clock Buffer(BUFG)     : 32
Register Duplication               : YES
Optimize Instantiated Primitives   : NO
Use Clock Enable                   : Auto
Use Synchronous Set                : Auto
Use Synchronous Reset              : Auto
Pack IO Registers into IOBs        : Auto
Equivalent register Removal        : YES

---- General Options
Optimization Goal                  : Speed
Optimization Effort                : 1
Power Reduction                    : NO
Keep Hierarchy                     : No
Netlist Hierarchy                  : As_Optimized
RTL Output                         : Yes
Global Optimization                : AllClockNets
Read Cores                         : YES
Write Timing Constraints           : NO
Cross Clock Analysis               : NO
Hierarchy Separator                : /
Bus Delimiter                      : <>
Case Specifier                     : Maintain
Slice Utilization Ratio            : 100
BRAM Utilization Ratio             : 100
DSP48 Utilization Ratio            : 100
Auto BRAM Packing                  : NO
Slice Utilization Ratio Delta      : 5

=========================================================================


=========================================================================
*                          HDL Parsing                                  *
=========================================================================
Analyzing Verilog file "C:\Users\admin\Documents\Visual Studio 2015\Projects\Laboratory\Xilinxs\LR2\TOP.v" into library work
Parsing module <TOP>.
Parsing VHDL file "C:\Users\admin\Documents\Visual Studio 2015\Projects\Laboratory\Xilinxs\LR2\VHDL.vhd" into library work
Parsing entity <VHDL>.
Parsing architecture <Behavioral> of entity <vhdl>.

=========================================================================
*                            HDL Elaboration                            *
=========================================================================

Elaborating module <TOP>.
WARNING:HDLCompiler:413 - "C:\Users\admin\Documents\Visual Studio 2015\Projects\Laboratory\Xilinxs\LR2\TOP.v" Line 18: Result of 5-bit expression is truncated to fit in 4-bit target.
Going to vhdl side to elaborate module VHDL

Elaborating entity <VHDL> (architecture <Behavioral>) from library <work>.
INFO:HDLCompiler:679 - "C:\Users\admin\Documents\Visual Studio 2015\Projects\Laboratory\Xilinxs\LR2\VHDL.vhd" Line 41. Case statement is complete. others clause is never selected
Back to verilog to continue elaboration

=========================================================================
*                           HDL Synthesis                               *
=========================================================================

Synthesizing Unit <TOP>.
    Related source file is "C:\Users\admin\Documents\Visual Studio 2015\Projects\Laboratory\Xilinxs\LR2\TOP.v".
    Found 4-bit register for signal <OUT_VLOG>.
    Found 4-bit register for signal <CNT_VLOG>.
    Found 4-bit adder for signal <STATE[3]_GND_1_o_add_0_OUT> created at line 18.
    Found 16x4-bit Read Only RAM for signal <STATE[3]_PWR_1_o_wide_mux_3_OUT>
    Summary:
	inferred   1 RAM(s).
	inferred   1 Adder/Subtractor(s).
	inferred   8 D-type flip-flop(s).
Unit <TOP> synthesized.

Synthesizing Unit <VHDL>.
    Related source file is "C:\Users\admin\Documents\Visual Studio 2015\Projects\Laboratory\Xilinxs\LR2\VHDL.vhd".
    Found 4-bit register for signal <STATE>.
    Found 4-bit register for signal <VAR_O>.
    Found 4-bit subtractor for signal <GND_6_o_GND_6_o_sub_1_OUT<3:0>> created at line 23.
    Found 16x4-bit Read Only RAM for signal <STATE[3]_PWR_6_o_wide_mux_1_OUT>
    Summary:
	inferred   1 RAM(s).
	inferred   1 Adder/Subtractor(s).
	inferred   8 D-type flip-flop(s).
Unit <VHDL> synthesized.

=========================================================================
HDL Synthesis Report

Macro Statistics
# RAMs                                                 : 2
 16x4-bit single-port Read Only RAM                    : 2
# Adders/Subtractors                                   : 2
 4-bit adder                                           : 1
 4-bit subtractor                                      : 1
# Registers                                            : 4
 4-bit register                                        : 4

=========================================================================

=========================================================================
*                       Advanced HDL Synthesis                          *
=========================================================================


Synthesizing (advanced) Unit <TOP>.
The following registers are absorbed into counter <STATE>: 1 register on signal <STATE>.
INFO:Xst:3217 - HDL ADVISOR - Register <OUT_VLOG> currently described with an asynchronous reset, could be combined with distributed RAM <Mram_STATE[3]_PWR_1_o_wide_mux_3_OUT> for implementation on block RAM resources if you made this reset synchronous instead.
    -----------------------------------------------------------------------
    | ram_type           | Distributed                         |          |
    -----------------------------------------------------------------------
    | Port A                                                              |
    |     aspect ratio   | 16-word x 4-bit                     |          |
    |     weA            | connected to signal <GND>           | high     |
    |     addrA          | connected to signal <CNT_VLOG>      |          |
    |     diA            | connected to signal <GND>           |          |
    |     doA            | connected to internal node          |          |
    -----------------------------------------------------------------------
Unit <TOP> synthesized (advanced).

Synthesizing (advanced) Unit <VHDL>.
The following registers are absorbed into counter <STATE>: 1 register on signal <STATE>.
INFO:Xst:3217 - HDL ADVISOR - Register <VAR_O> currently described with an asynchronous reset, could be combined with distributed RAM <Mram_STATE[3]_PWR_6_o_wide_mux_1_OUT> for implementation on block RAM resources if you made this reset synchronous instead.
    -----------------------------------------------------------------------
    | ram_type           | Distributed                         |          |
    -----------------------------------------------------------------------
    | Port A                                                              |
    |     aspect ratio   | 16-word x 4-bit                     |          |
    |     weA            | connected to signal <GND>           | high     |
    |     addrA          | connected to signal <STATE>         |          |
    |     diA            | connected to signal <GND>           |          |
    |     doA            | connected to internal node          |          |
    -----------------------------------------------------------------------
Unit <VHDL> synthesized (advanced).

=========================================================================
Advanced HDL Synthesis Report

Macro Statistics
# RAMs                                                 : 2
 16x4-bit single-port distributed Read Only RAM        : 2
# Counters                                             : 2
 4-bit down counter                                    : 1
 4-bit up counter                                      : 1
# Registers                                            : 8
 Flip-Flops                                            : 8

=========================================================================

=========================================================================
*                         Low Level Synthesis                           *
=========================================================================

Optimizing unit <TOP> ...
INFO:Xst:3203 - The FF/Latch <STATE_0> in Unit <TOP> is the opposite to the following FF/Latch, which will be removed : <INT_MOD/STATE_0> 
INFO:Xst:3203 - The FF/Latch <STATE_1> in Unit <TOP> is the opposite to the following FF/Latch, which will be removed : <INT_MOD/STATE_1> 
INFO:Xst:3203 - The FF/Latch <STATE_2> in Unit <TOP> is the opposite to the following FF/Latch, which will be removed : <INT_MOD/STATE_2> 
INFO:Xst:3203 - The FF/Latch <STATE_3> in Unit <TOP> is the opposite to the following FF/Latch, which will be removed : <INT_MOD/STATE_3> 

Mapping all equations...
Building and optimizing final netlist ...
Found area constraint ratio of 100 (+ 5) on block TOP, actual ratio is 0.

Final Macro Processing ...

=========================================================================
Final Register Report

Macro Statistics
# Registers                                            : 12
 Flip-Flops                                            : 12

=========================================================================

=========================================================================
*                           Partition Report                            *
=========================================================================

Partition Implementation Status
-------------------------------

  No Partitions were found in this design.

-------------------------------

=========================================================================
*                            Design Summary                             *
=========================================================================

Top Level Output File Name         : TOP.ngc

Primitive and Black Box Usage:
------------------------------
# BELS                             : 15
#      INV                         : 4
#      LUT2                        : 1
#      LUT3                        : 1
#      LUT4                        : 9
# FlipFlops/Latches                : 12
#      FDC                         : 11
#      FDP                         : 1
# Clock Buffers                    : 1
#      BUFGP                       : 1
# IO Buffers                       : 17
#      IBUF                        : 1
#      OBUF                        : 16

Device utilization summary:
---------------------------

Selected Device : 7a100tcsg324-3 


Slice Logic Utilization: 
 Number of Slice Registers:              12  out of  126800     0%  
 Number of Slice LUTs:                   15  out of  63400     0%  
    Number used as Logic:                15  out of  63400     0%  

Slice Logic Distribution: 
 Number of LUT Flip Flop pairs used:     15
   Number with an unused Flip Flop:       3  out of     15    20%  
   Number with an unused LUT:             0  out of     15     0%  
   Number of fully used LUT-FF pairs:    12  out of     15    80%  
   Number of unique control sets:         1

IO Utilization: 
 Number of IOs:                          18
 Number of bonded IOBs:                  18  out of    210     8%  

Specific Feature Utilization:
 Number of BUFG/BUFGCTRLs:                1  out of     32     3%  

---------------------------
Partition Resource Summary:
---------------------------

  No Partitions were found in this design.

---------------------------


=========================================================================
Timing Report

NOTE: THESE TIMING NUMBERS ARE ONLY A SYNTHESIS ESTIMATE.
      FOR ACCURATE TIMING INFORMATION PLEASE REFER TO THE TRACE REPORT
      GENERATED AFTER PLACE-and-ROUTE.

Clock Information:
------------------
-----------------------------------+------------------------+-------+
Clock Signal                       | Clock buffer(FF name)  | Load  |
-----------------------------------+------------------------+-------+
CLK                                | BUFGP                  | 12    |
-----------------------------------+------------------------+-------+

Asynchronous Control Signals Information:
----------------------------------------
No asynchronous control signals found in this design

Timing Summary:
---------------
Speed Grade: -3

   Minimum period: 1.101ns (Maximum Frequency: 908.430MHz)
   Minimum input arrival time before clock: 0.680ns
   Maximum output required time after clock: 1.093ns
   Maximum combinational path delay: No path found

Timing Details:
---------------
All values displayed in nanoseconds (ns)

=========================================================================
Timing constraint: Default period analysis for Clock 'CLK'
  Clock period: 1.101ns (frequency: 908.430MHz)
  Total number of paths / destination ports: 42 / 12
-------------------------------------------------------------------------
Delay:               1.101ns (Levels of Logic = 1)
  Source:            STATE_0 (FF)
  Destination:       STATE_0 (FF)
  Source Clock:      CLK rising
  Destination Clock: CLK rising

  Data Path: STATE_0 to STATE_0
                                Gate     Net
    Cell:in->out      fanout   Delay   Delay  Logical Name (Net Name)
    ----------------------------------------  ------------
     FDC:C->Q             13   0.361   0.335  STATE_0 (STATE_0)
     INV:I->O              2   0.113   0.283  Mcount_STATE_xor<0>11_INV_0 (CNT_VHDL_0_OBUF)
     FDC:D                     0.008          STATE_0
    ----------------------------------------
    Total                      1.101ns (0.482ns logic, 0.619ns route)
                                       (43.8% logic, 56.2% route)

=========================================================================
Timing constraint: Default OFFSET IN BEFORE for Clock 'CLK'
  Total number of paths / destination ports: 12 / 12
-------------------------------------------------------------------------
Offset:              0.680ns (Levels of Logic = 1)
  Source:            RST (PAD)
  Destination:       OUT_VLOG_0 (FF)
  Destination Clock: CLK rising

  Data Path: RST to OUT_VLOG_0
                                Gate     Net
    Cell:in->out      fanout   Delay   Delay  Logical Name (Net Name)
    ----------------------------------------  ------------
     IBUF:I->O            12   0.001   0.330  RST_IBUF (RST_IBUF)
     FDC:CLR                   0.349          OUT_VLOG_0
    ----------------------------------------
    Total                      0.680ns (0.350ns logic, 0.330ns route)
                                       (51.5% logic, 48.5% route)

=========================================================================
Timing constraint: Default OFFSET OUT AFTER for Clock 'CLK'
  Total number of paths / destination ports: 16 / 16
-------------------------------------------------------------------------
Offset:              1.093ns (Levels of Logic = 2)
  Source:            STATE_0 (FF)
  Destination:       CNT_VHDL<0> (PAD)
  Source Clock:      CLK rising

  Data Path: STATE_0 to CNT_VHDL<0>
                                Gate     Net
    Cell:in->out      fanout   Delay   Delay  Logical Name (Net Name)
    ----------------------------------------  ------------
     FDC:C->Q             13   0.361   0.335  STATE_0 (STATE_0)
     INV:I->O              2   0.113   0.283  Mcount_STATE_xor<0>11_INV_0 (CNT_VHDL_0_OBUF)
     OBUF:I->O                 0.000          CNT_VHDL_0_OBUF (CNT_VHDL<0>)
    ----------------------------------------
    Total                      1.093ns (0.474ns logic, 0.619ns route)
                                       (43.4% logic, 56.6% route)

=========================================================================

Cross Clock Domains Report:
--------------------------

Clock to Setup on destination clock CLK
---------------+---------+---------+---------+---------+
               | Src:Rise| Src:Fall| Src:Rise| Src:Fall|
Source Clock   |Dest:Rise|Dest:Rise|Dest:Fall|Dest:Fall|
---------------+---------+---------+---------+---------+
CLK            |    1.101|         |         |         |
---------------+---------+---------+---------+---------+

=========================================================================


Total REAL time to Xst completion: 13.00 secs
Total CPU time to Xst completion: 13.48 secs
 
--> 

Total memory usage is 409188 kilobytes

Number of errors   :    0 (   0 filtered)
Number of warnings :    1 (   0 filtered)
Number of infos    :    6 (   0 filtered)

