--------------------------------------------------------------------------------
Release 14.7 Trace  (nt64)
Copyright (c) 1995-2013 Xilinx, Inc.  All rights reserved.

C:\Xilinx\14.7\ISE_DS\ISE\bin\nt64\unwrapped\trce.exe -intstyle ise -v 3 -s 3
-n 3 -fastpaths -xml TOP.twx TOP.ncd -o TOP.twr TOP.pcf -ucf Nexys4_Master.ucf

Design file:              TOP.ncd
Physical constraint file: TOP.pcf
Device,package,speed:     xc7a100t,csg324,C,-3 (PRODUCTION 1.10 2013-10-13)
Report level:             verbose report

Environment Variable      Effect 
--------------------      ------ 
NONE                      No environment variables were set
--------------------------------------------------------------------------------

INFO:Timing:2698 - No timing constraints found, doing default enumeration.
INFO:Timing:3412 - To improve timing, see the Timing Closure User Guide (UG612).
INFO:Timing:2752 - To get complete path coverage, use the unconstrained paths 
   option. All paths that are not constrained will be reported in the 
   unconstrained paths section(s) of the report.
INFO:Timing:3339 - The clock-to-out numbers in this timing report are based on 
   a 50 Ohm transmission line loading model.  For the details of this model, 
   and for more information on accounting for different loading conditions, 
   please see the device datasheet.



Data Sheet report:
-----------------
All values displayed in nanoseconds (ns)

Pad to Pad
---------------+---------------+---------+
Source Pad     |Destination Pad|  Delay  |
---------------+---------------+---------+
SW<0>          |LED<0>         |    6.807|
SW<0>          |LED<1>         |    6.707|
SW<0>          |LED<2>         |    6.992|
SW<0>          |LED<3>         |    6.850|
SW<1>          |LED<0>         |    6.748|
SW<1>          |LED<1>         |    6.958|
SW<1>          |LED<2>         |    6.791|
SW<1>          |LED<3>         |    6.791|
SW<2>          |LED<0>         |    6.811|
SW<2>          |LED<1>         |    6.958|
SW<2>          |LED<2>         |    6.714|
SW<2>          |LED<3>         |    6.858|
SW<3>          |LED<0>         |    6.750|
SW<3>          |LED<1>         |    6.718|
SW<3>          |LED<2>         |    7.178|
SW<3>          |LED<3>         |    6.798|
SW<4>          |LED<4>         |    6.897|
SW<4>          |LED<5>         |    7.058|
SW<4>          |LED<6>         |    6.887|
SW<4>          |LED<7>         |    6.827|
SW<5>          |LED<4>         |    7.212|
SW<5>          |LED<5>         |    7.357|
SW<5>          |LED<6>         |    7.057|
SW<5>          |LED<7>         |    7.005|
SW<6>          |LED<4>         |    7.070|
SW<6>          |LED<5>         |    7.229|
SW<6>          |LED<6>         |    6.969|
SW<6>          |LED<7>         |    6.908|
SW<7>          |LED<4>         |    7.591|
SW<7>          |LED<5>         |    7.744|
SW<7>          |LED<6>         |    7.428|
SW<7>          |LED<7>         |    7.374|
SW<8>          |LED<8>         |    7.070|
SW<8>          |LED<9>         |    6.991|
SW<8>          |LED<10>        |    7.259|
SW<8>          |LED<11>        |    7.268|
SW<9>          |LED<8>         |    6.863|
SW<9>          |LED<9>         |    6.925|
SW<9>          |LED<10>        |    7.056|
SW<9>          |LED<11>        |    7.210|
SW<10>         |LED<8>         |    6.763|
SW<10>         |LED<9>         |    6.836|
SW<10>         |LED<10>        |    6.968|
SW<10>         |LED<11>        |    7.112|
SW<11>         |LED<8>         |    6.661|
SW<11>         |LED<9>         |    6.721|
SW<11>         |LED<10>        |    6.858|
SW<11>         |LED<11>        |    7.004|
---------------+---------------+---------+


Analysis completed Mon Oct 17 07:15:56 2016 
--------------------------------------------------------------------------------

Trace Settings:
-------------------------
Trace Settings 

Peak Memory Usage: 669 MB



