Release 14.7 - xst P.20131013 (nt64)
Copyright (c) 1995-2013 Xilinx, Inc.  All rights reserved.
--> Parameter TMPDIR set to xst/projnav.tmp


Total REAL time to Xst completion: 1.00 secs
Total CPU time to Xst completion: 0.57 secs
 
--> Parameter xsthdpdir set to xst


Total REAL time to Xst completion: 1.00 secs
Total CPU time to Xst completion: 0.59 secs
 
--> Reading design: Top.prj

TABLE OF CONTENTS
  1) Synthesis Options Summary
  2) HDL Parsing
  3) HDL Elaboration
  4) HDL Synthesis
       4.1) HDL Synthesis Report
  5) Advanced HDL Synthesis
       5.1) Advanced HDL Synthesis Report
  6) Low Level Synthesis
  7) Partition Report
  8) Design Summary
       8.1) Primitive and Black Box Usage
       8.2) Device utilization summary
       8.3) Partition Resource Summary
       8.4) Timing Report
            8.4.1) Clock Information
            8.4.2) Asynchronous Control Signals Information
            8.4.3) Timing Summary
            8.4.4) Timing Details
            8.4.5) Cross Clock Domains Report


=========================================================================
*                      Synthesis Options Summary                        *
=========================================================================
---- Source Parameters
Input File Name                    : "Top.prj"
Ignore Synthesis Constraint File   : NO

---- Target Parameters
Output File Name                   : "Top"
Output Format                      : NGC
Target Device                      : xc7a100t-3-csg324

---- Source Options
Top Module Name                    : Top
Automatic FSM Extraction           : YES
FSM Encoding Algorithm             : Auto
Safe Implementation                : No
FSM Style                          : LUT
RAM Extraction                     : Yes
RAM Style                          : Auto
ROM Extraction                     : Yes
Shift Register Extraction          : YES
ROM Style                          : Auto
Resource Sharing                   : YES
Asynchronous To Synchronous        : NO
Shift Register Minimum Size        : 2
Use DSP Block                      : Auto
Automatic Register Balancing       : No

---- Target Options
LUT Combining                      : Auto
Reduce Control Sets                : Auto
Add IO Buffers                     : YES
Global Maximum Fanout              : 100000
Add Generic Clock Buffer(BUFG)     : 32
Register Duplication               : YES
Optimize Instantiated Primitives   : NO
Use Clock Enable                   : Auto
Use Synchronous Set                : Auto
Use Synchronous Reset              : Auto
Pack IO Registers into IOBs        : Auto
Equivalent register Removal        : YES

---- General Options
Optimization Goal                  : Speed
Optimization Effort                : 1
Power Reduction                    : NO
Keep Hierarchy                     : No
Netlist Hierarchy                  : As_Optimized
RTL Output                         : Yes
Global Optimization                : AllClockNets
Read Cores                         : YES
Write Timing Constraints           : NO
Cross Clock Analysis               : NO
Hierarchy Separator                : /
Bus Delimiter                      : <>
Case Specifier                     : Maintain
Slice Utilization Ratio            : 100
BRAM Utilization Ratio             : 100
DSP48 Utilization Ratio            : 100
Auto BRAM Packing                  : NO
Slice Utilization Ratio Delta      : 5

=========================================================================


=========================================================================
*                          HDL Parsing                                  *
=========================================================================
Analyzing Verilog file "C:\Users\admin\Documents\Visual Studio 2015\Projects\Laboratory\Xilinxs\LR3\BEH.v" into library work
Parsing module <Code>.
Analyzing Verilog file "C:\Users\admin\Documents\Visual Studio 2015\Projects\Laboratory\Xilinxs\LR3\Top.v" into library work
Parsing module <Top>.

=========================================================================
*                            HDL Elaboration                            *
=========================================================================

Elaborating module <Top>.

Elaborating module <Code>.
WARNING:HDLCompiler:91 - "C:\Users\admin\Documents\Visual Studio 2015\Projects\Laboratory\Xilinxs\LR3\Top.v" Line 22: Signal <WE> missing in the sensitivity list is added for synthesis purposes. HDL and post-synthesis simulations may differ as a result.
WARNING:HDLCompiler:413 - "C:\Users\admin\Documents\Visual Studio 2015\Projects\Laboratory\Xilinxs\LR3\Top.v" Line 37: Result of 5-bit expression is truncated to fit in 4-bit target.
WARNING:HDLCompiler:413 - "C:\Users\admin\Documents\Visual Studio 2015\Projects\Laboratory\Xilinxs\LR3\Top.v" Line 44: Result of 32-bit expression is truncated to fit in 4-bit target.
ERROR:HDLCompiler:1401 - "C:\Users\admin\Documents\Visual Studio 2015\Projects\Laboratory\Xilinxs\LR3\Top.v" Line 21: Signal T[3] in unit Top is connected to following multiple drivers:
Driver 0: output signal T[3] of instance Flip-flop (T).
Driver 1: output signal T[3] of instance Latch (T[3]).
Driver 0: output signal T[2] of instance Flip-flop (T).
Driver 1: output signal T[2] of instance Latch (T[2]).
Driver 0: output signal T[1] of instance Flip-flop (T).
Driver 1: output signal T[1] of instance Latch (T[1]).
Driver 0: output signal T[0] of instance Flip-flop (T).
Driver 1: output signal T[0] of instance Latch (T[0]).
ERROR:HDLCompiler:1401 - "C:\Users\admin\Documents\Visual Studio 2015\Projects\Laboratory\Xilinxs\LR3\Top.v" Line 26: Signal STATE[3] in unit Top is connected to following multiple drivers:
Driver 0: output signal STATE[3] of instance Flip-flop (STATE).
Driver 1: output signal STATE[3] of instance Flip-flop (_i000018).
Driver 0: output signal STATE[2] of instance Flip-flop (STATE).
Driver 1: output signal STATE[2] of instance Flip-flop (_i000018).
Driver 0: output signal STATE[1] of instance Flip-flop (STATE).
Driver 1: output signal STATE[1] of instance Flip-flop (_i000018).
Driver 0: output signal STATE[0] of instance Flip-flop (STATE).
Driver 1: output signal STATE[0] of instance Flip-flop (_i000018).
Driver 0: output signal TIMER[3] of instance Flip-flop (TIMER).
Driver 1: output signal TIMER[3] of instance Flip-flop (_i000020).
Driver 0: output signal TIMER[2] of instance Flip-flop (TIMER).
Driver 1: output signal TIMER[2] of instance Flip-flop (_i000020).
Driver 0: output signal TIMER[1] of instance Flip-flop (TIMER).
Driver 1: output signal TIMER[1] of instance Flip-flop (_i000020).
Driver 0: output signal TIMER[0] of instance Flip-flop (TIMER).
Driver 1: output signal TIMER[0] of instance Flip-flop (_i000020).
Module Top remains a blackbox, due to errors in its contents
WARNING:HDLCompiler:1499 - "C:\Users\admin\Documents\Visual Studio 2015\Projects\Laboratory\Xilinxs\LR3\Top.v" Line 3: Empty module <Top> remains a black box.
--> 

Total memory usage is 295752 kilobytes

Number of errors   :    2 (   0 filtered)
Number of warnings :    4 (   0 filtered)
Number of infos    :    0 (   0 filtered)

