--------------------------------------------------------------------------------
Release 14.7 Trace  (nt64)
Copyright (c) 1995-2013 Xilinx, Inc.  All rights reserved.

C:\Xilinx\14.7\ISE_DS\ISE\bin\nt64\unwrapped\trce.exe -intstyle ise -v 3 -s 3
-n 3 -fastpaths -xml TOP.twx TOP.ncd -o TOP.twr TOP.pcf -ucf Nexys4_Master.ucf

Design file:              TOP.ncd
Physical constraint file: TOP.pcf
Device,package,speed:     xc7a100t,csg324,C,-3 (PRODUCTION 1.10 2013-10-13)
Report level:             verbose report

Environment Variable      Effect 
--------------------      ------ 
NONE                      No environment variables were set
--------------------------------------------------------------------------------

INFO:Timing:2698 - No timing constraints found, doing default enumeration.
INFO:Timing:3412 - To improve timing, see the Timing Closure User Guide (UG612).
INFO:Timing:2752 - To get complete path coverage, use the unconstrained paths 
   option. All paths that are not constrained will be reported in the 
   unconstrained paths section(s) of the report.
INFO:Timing:3339 - The clock-to-out numbers in this timing report are based on 
   a 50 Ohm transmission line loading model.  For the details of this model, 
   and for more information on accounting for different loading conditions, 
   please see the device datasheet.



Data Sheet report:
-----------------
All values displayed in nanoseconds (ns)

Setup/Hold to clock CLK
------------+------------+------------+------------+------------+------------------+--------+
            |Max Setup to|  Process   |Max Hold to |  Process   |                  | Clock  |
Source      | clk (edge) |   Corner   | clk (edge) |   Corner   |Internal Clock(s) | Phase  |
------------+------------+------------+------------+------------+------------------+--------+
BTNC        |    1.016(R)|      FAST  |    0.598(R)|      SLOW  |CLK_BUFGP         |   0.000|
BTNR        |    1.498(R)|      FAST  |    0.917(R)|      SLOW  |CLK_BUFGP         |   0.000|
------------+------------+------------+------------+------------+------------------+--------+

Clock CLK to Pad
------------+-----------------+------------+-----------------+------------+------------------+--------+
            |Max (slowest) clk|  Process   |Min (fastest) clk|  Process   |                  | Clock  |
Destination |  (edge) to PAD  |   Corner   |  (edge) to PAD  |   Corner   |Internal Clock(s) | Phase  |
------------+-----------------+------------+-----------------+------------+------------------+--------+
AN<0>       |         9.342(R)|      SLOW  |         3.422(R)|      FAST  |CLK_BUFGP         |   0.000|
AN<1>       |         9.303(R)|      SLOW  |         3.397(R)|      FAST  |CLK_BUFGP         |   0.000|
AN<2>       |         9.453(R)|      SLOW  |         3.506(R)|      FAST  |CLK_BUFGP         |   0.000|
LED0        |         9.887(R)|      SLOW  |         3.812(R)|      FAST  |CLK_BUFGP         |   0.000|
SEG<0>      |        11.113(R)|      SLOW  |         3.996(R)|      FAST  |CLK_BUFGP         |   0.000|
SEG<1>      |        10.676(R)|      SLOW  |         3.903(R)|      FAST  |CLK_BUFGP         |   0.000|
SEG<2>      |        10.952(R)|      SLOW  |         3.908(R)|      FAST  |CLK_BUFGP         |   0.000|
SEG<3>      |        11.068(R)|      SLOW  |         3.961(R)|      FAST  |CLK_BUFGP         |   0.000|
SEG<4>      |        10.982(R)|      SLOW  |         4.046(R)|      FAST  |CLK_BUFGP         |   0.000|
SEG<5>      |        10.990(R)|      SLOW  |         3.945(R)|      FAST  |CLK_BUFGP         |   0.000|
SEG<6>      |        10.624(R)|      SLOW  |         3.866(R)|      FAST  |CLK_BUFGP         |   0.000|
------------+-----------------+------------+-----------------+------------+------------------+--------+

Clock to Setup on destination clock CLK
---------------+---------+---------+---------+---------+
               | Src:Rise| Src:Fall| Src:Rise| Src:Fall|
Source Clock   |Dest:Rise|Dest:Rise|Dest:Fall|Dest:Fall|
---------------+---------+---------+---------+---------+
CLK            |    1.919|         |         |         |
---------------+---------+---------+---------+---------+


Analysis completed Mon Jan 30 15:12:11 2017 
--------------------------------------------------------------------------------

Trace Settings:
-------------------------
Trace Settings 

Peak Memory Usage: 672 MB



